build/app/outputs/mapping/release/seeds.txt
com.zamoo.livedemo.MainActivity: MainActivity()
com.zamoo.livedemo.MainActivity
...
com.pichillilorenzo.flutter_inappwebview.types.UserScriptInjectionTime: com.pichillilorenzo.flutter_inappwebview.types.UserScriptInjectionTime AT_DOCUMENT_END
com.pichillilorenzo.flutter_inappwebview.in_app_webview.InAppWebView: android.view.ActionMode rebuildActionMode(android.view.ActionMode,android.view.ActionMode$Callback)
com.google.android.datatransport.runtime.backends.TransportBackendDiscovery: TransportBackendDiscovery()
kotlinx.coroutines.android.HandlerContext
com.google.firebase.messaging.reporting.MessagingClientEvent$MessageType: com.google.firebase.messaging.reporting.MessagingClientEvent$MessageType valueOf(java.lang.String)
androidx.window.layout.SidecarCompat: void setExtensionCallback(androidx.window.layout.ExtensionInterfaceCompat$ExtensionCallbackInterface)
com.pichillilorenzo.flutter_inappwebview.R$style: int Base_Theme_AppCompat_Dialog
com.google.android.gms.internal.ads.zzbv$zza: java.lang.String zzdv
com.google.android.exoplayer2.video.spherical.SphericalGLSurfaceView
com.pichillilorenzo.flutter_inappwebview.in_app_webview.InAppWebViewChromeClient: void onReceivedIcon(android.webkit.WebView,android.graphics.Bitmap)
com.pichillilorenzo.flutter_inappwebview.FlutterWebViewFactory$1: int[] $SwitchMap$com$pichillilorenzo$flutter_inappwebview$types$WebViewImplementation
com.google.android.gms.internal.ads.zzdye: com.google.android.gms.internal.ads.zzeaq zzhli
com.onesignal.JobIntentService$CommandProcessor: com.onesignal.JobIntentService this$0
androidx.appcompat.widget.LinearLayoutCompat: android.graphics.drawable.Drawable getDividerDrawable()
com.pichillilorenzo.flutter_inappwebview.R$styleable: int AppCompatTheme_popupMenuStyle
com.facebook.appevents.PersistedEvents$SerializationProxyV1
com.onesignal.ADMMessageHandler: int JOB_ID
com.pichillilorenzo.flutter_inappwebview.R$attr: int subtitleTextAppearance
com.onesignal.shortcutbadger.impl.SonyHomeBadger
androidx.core.view.ViewCompat$Api21Impl: boolean dispatchNestedScroll(android.view.View,int,int,int,int,int[])
com.pichillilorenzo.flutter_inappwebview.in_app_webview.InAppWebViewChromeClient: java.lang.String LOG_TAG
com.pichillilorenzo.flutter_inappwebview.R$attr: int drawerArrowStyle
com.google.android.gms.auth.api.signin.RevocationBoundService: RevocationBoundService()
com.pichillilorenzo.flutter_inappwebview.MyWebStorage: MyWebStorage(com.pichillilorenzo.flutter_inappwebview.InAppWebViewFlutterPlugin)
com.pichillilorenzo.flutter_inappwebview.Options: com.pichillilorenzo.flutter_inappwebview.Options parse(java.util.Map)
com.pichillilorenzo.flutter_inappwebview.in_app_browser.InAppBrowserActivity$3: com.pichillilorenzo.flutter_inappwebview.in_app_browser.InAppBrowserActivity this$0
com.pichillilorenzo.flutter_inappwebview.chrome_custom_tabs.ServiceConnection: void onCustomTabsServiceConnected(android.content.ComponentName,androidx.browser.customtabs.CustomTabsClient)
com.pichillilorenzo.flutter_inappwebview.chrome_custom_tabs.TrustedWebActivity: void prepareCustomTabs()
com.pichillilorenzo.flutter_inappwebview.credential_database.URLCredentialContract$FeedEntry: java.lang.String COLUMN_NAME_USERNAME
com.google.android.gms.internal.firebase-auth-api.zzla
androidx.core.view.ViewCompat$Api16Impl: int getMinimumHeight(android.view.View)
com.pichillilorenzo.flutter_inappwebview.in_app_webview.InAppWebViewChromeClient$18: com.pichillilorenzo.flutter_inappwebview.in_app_webview.InAppWebViewChromeClient this$0
androidx.window.embedding.EmbeddingCompat: void setSplitRules(java.util.Set)
com.pichillilorenzo.flutter_inappwebview.R$id: int fragment_container_view_tag
com.pichillilorenzo.flutter_inappwebview.in_app_browser.InAppBrowserActivity: android.widget.ProgressBar progressBar
androidx.window.layout.HardwareFoldingFeature$Type: java.lang.String toString()
com.google.android.gms.internal.ads.zzbv$zza: int zzhu
androidx.customview.view.AbsSavedState: android.os.Parcelable$Creator CREATOR
com.pichillilorenzo.flutter_inappwebview.R$color: int material_grey_850