build/app/outputs/mapping/release/usage.txt
com.zamoo.livedemo.R$style
com.zamoo.livedemo.R
com.zamoo.livedemo.R$animator
com.zamoo.livedemo.R$anim
com.zamoo.livedemo.R$raw
com.zamoo.livedemo.R$color
com.zamoo.livedemo.R$dimen
com.zamoo.livedemo.R$xml
com.zamoo.livedemo.R$attr
com.zamoo.livedemo.R$drawable
com.zamoo.livedemo.R$bool
com.zamoo.livedemo.R$interpolator
com.zamoo.livedemo.R$string
com.zamoo.livedemo.R$mipmap
com.zamoo.livedemo.R$styleable
com.zamoo.livedemo.R$menu
com.zamoo.livedemo.R$id
com.zamoo.livedemo.R$layout
com.zamoo.livedemo.BuildConfig
com.zamoo.livedemo.R$integer
...
com.google.android.gms.ads.formats.NativeCustomTemplateAd:
    public abstract java.lang.CharSequence getText(java.lang.String)
    public abstract com.google.android.gms.ads.formats.NativeAd$Image getImage(java.lang.String)
    public abstract com.google.android.gms.ads.VideoController getVideoController()
    public abstract com.google.android.gms.ads.formats.MediaView getVideoMediaView()
    public abstract java.util.List getAvailableAssetNames()
    public abstract void performClick(java.lang.String)
    public abstract void recordImpression()
    public abstract com.google.android.gms.ads.formats.NativeCustomTemplateAd$DisplayOpenMeasurement getDisplayOpenMeasurement()
    public abstract void destroy()
    public static final java.lang.String ASSET_NAME_VIDEO
com.google.common.util.concurrent.CycleDetectingLockFactory
com.google.zxing.aztec.encoder.AztecCode:
    public boolean isCompact()
    public int getSize()
    public int getLayers()
    public int getCodeWords()
com.google.android.exoplayer2.source.smoothstreaming.SsMediaSource$Factory:
    public com.google.android.exoplayer2.source.smoothstreaming.SsMediaSource$Factory setLoadErrorHandlingPolicy(com.google.android.exoplayer2.upstream.LoadErrorHandlingPolicy)
    public com.google.android.exoplayer2.source.smoothstreaming.SsMediaSource$Factory setLivePresentationDelayMs(long)
    public com.google.android.exoplayer2.source.smoothstreaming.SsMediaSource$Factory setManifestParser(com.google.android.exoplayer2.upstream.ParsingLoadable$Parser)
    public com.google.android.exoplayer2.source.smoothstreaming.SsMediaSource$Factory setCompositeSequenceableLoaderFactory(com.google.android.exoplayer2.source.CompositeSequenceableLoaderFactory)
    public com.google.android.exoplayer2.source.smoothstreaming.SsMediaSource$Factory setDrmSessionManagerProvider(com.google.android.exoplayer2.drm.DrmSessionManagerProvider)
    public com.google.android.exoplayer2.source.smoothstreaming.SsMediaSource createMediaSource(com.google.android.exoplayer2.source.smoothstreaming.manifest.SsManifest)
    public com.google.android.exoplayer2.source.smoothstreaming.SsMediaSource createMediaSource(com.google.android.exoplayer2.source.smoothstreaming.manifest.SsManifest,com.google.android.exoplayer2.MediaItem)
    public int[] getSupportedTypes()
    public synthetic bridge com.google.android.exoplayer2.source.MediaSource createMediaSource(com.google.android.exoplayer2.MediaItem)
com.google.android.exoplayer2.extractor.TrackOutput:
    public static final int SAMPLE_DATA_PART_MAIN
    public static final int SAMPLE_DATA_PART_ENCRYPTION
    public static final int SAMPLE_DATA_PART_SUPPLEMENTAL
com.google.common.cache.CacheBuilderSpec$ValueParser
androidx.core.util.HalfKt
kotlinx.coroutines.flow.StartedLazily$command$1
com.google.android.gms.internal.ads.zzaua:
    public void <init>(com.google.android.gms.ads.rewarded.ServerSideVerificationOptions)